
Showing logs for build [32mcb-kubecd-environment-pr-191-32-gg7pv-1[0m stage [32mfrom-build-pack[0m and container [32mstep-credential-initializer-njpj5[0m
{"level":"warn","ts":1585327460.4601536,"logger":"fallback-logger","caller":"logging/config.go:69","msg":"Fetch GitHub commit ID from kodata failed: \"ref: refs/heads/0.8.0-**-support-backwards-incompats\" is not a valid GitHub commit ID"}
{"level":"info","ts":1585327460.4609234,"logger":"fallback-logger","caller":"creds-init/main.go:40","msg":"Credentials initialized."}

Showing logs for build [32mcb-kubecd-environment-pr-191-32-gg7pv-1[0m stage [32mfrom-build-pack[0m and container [32mstep-working-dir-initializer-t2rvw[0m
{"level":"warn","ts":1585327461.329976,"logger":"fallback-logger","caller":"logging/config.go:69","msg":"Fetch GitHub commit ID from kodata failed: open /var/run/ko/HEAD: no such file or directory"}
{"level":"info","ts":1585327461.3354306,"logger":"fallback-logger","caller":"bash/main.go:64","msg":"Successfully executed command \"sh -c mkdir -p /workspace/source\"; output "}

Showing logs for build [32mcb-kubecd-environment-pr-191-32-gg7pv-1[0m stage [32mfrom-build-pack[0m and container [32mstep-place-tools[0m

Showing logs for build [32mcb-kubecd-environment-pr-191-32-gg7pv-1[0m stage [32mfrom-build-pack[0m and container [32mstep-git-source-cb-kubecd-environment-pr-191-32-gg7pv-ww2bj[0m
{"level":"warn","ts":1585327466.4376588,"logger":"fallback-logger","caller":"logging/config.go:69","msg":"Fetch GitHub commit ID from kodata failed: \"ref: refs/heads/0.8.0-**-support-backwards-incompats\" is not a valid GitHub commit ID"}
{"level":"info","ts":1585327467.5943816,"logger":"fallback-logger","caller":"git/git.go:103","msg":"Successfully cloned https://github.com/cb-kubecd/environment-pr-191-32-gke-upgrade-staging.git @ master in path /workspace/source"}

Showing logs for build [32mcb-kubecd-environment-pr-191-32-gg7pv-1[0m stage [32mfrom-build-pack[0m and container [32mstep-git-merge[0m
Using SHAs from PULL_REFS=master:6e5c4afe0cef53bb9f31220ac845b1fd614e6381,1:451aae0b0b2fc1c1b4f1dcb89db9e9badb538c59
DEBUG: LC_ALL=C JX_LOG_LEVEL=error git fetch origin --unshallow 451aae0b0b2fc1c1b4f1dcb89db9e9badb538c59: 6e5c4afe0cef53bb9f31220ac845b1fd614e6381:
DEBUG: ran git fetch --unshallow origin 451aae0b0b2fc1c1b4f1dcb89db9e9badb538c59: 6e5c4afe0cef53bb9f31220ac845b1fd614e6381: in 
DEBUG: LC_ALL=C JX_LOG_LEVEL=error git branch
DEBUG: LC_ALL=C JX_LOG_LEVEL=error git checkout master
DEBUG: ran git checkout master in 
DEBUG: LC_ALL=C JX_LOG_LEVEL=error git reset --hard 6e5c4afe0cef53bb9f31220ac845b1fd614e6381
DEBUG: ran git reset --hard 6e5c4afe0cef53bb9f31220ac845b1fd614e6381 in 
DEBUG: JX_LOG_LEVEL=error LC_ALL=C git clean -fd .
DEBUG: ran clean --force -d . in 
DEBUG: JX_LOG_LEVEL=error LC_ALL=C git merge 451aae0b0b2fc1c1b4f1dcb89db9e9badb538c59
DEBUG: ran git merge 451aae0b0b2fc1c1b4f1dcb89db9e9badb538c59 in 
DEBUG: LC_ALL=C JX_LOG_LEVEL=error git log --format=%H%x1f%an%x1f%ae%x1f%cn%x1f%ce%x1f%s%n%b%x1e 6e5c4afe0cef53bb9f31220ac845b1fd614e6381..HEAD
Merged SHA 451aae0b0b2fc1c1b4f1dcb89db9e9badb538c59 with commit message 'chore: Promote bdd-spring-1585327025 to version 0.0.1' into base branch master

Showing logs for build [32mcb-kubecd-environment-pr-191-32-gg7pv-1[0m stage [32mfrom-build-pack[0m and container [32mstep-build-helm-build[0m
WARNING: No $CHART_REPOSITORY defined so using the default value of: http://jenkins-x-chartmuseum:8080
Adding missing Helm repo: storage.googleapis.com https://storage.googleapis.com/chartmuseum.jenkins-x.io
WARNING: No secrets found on "helm/repos" due: reading the secret "helm/repos" from vault: no secret "helm/repos" not found in vault
Read credentials for https://storage.googleapis.com/chartmuseum.jenkins-x.io from vault helm/repos
Successfully added Helm repository storage.googleapis.com.
Adding missing Helm repo: jenkins-x-chartmuseum http://jenkins-x-chartmuseum:8080
WARNING: No secrets found on "helm/repos" due: reading the secret "helm/repos" from vault: no secret "helm/repos" not found in vault
Read credentials for http://jenkins-x-chartmuseum:8080 from vault helm/repos
Successfully added Helm repository jenkins-x-chartmuseum.
WARNING: No $CHART_REPOSITORY defined so using the default value of: http://jenkins-x-chartmuseum:8080
Adding missing Helm repo: chartmuseum.jenkins-x.io http://chartmuseum.jenkins-x.io
WARNING: No secrets found on "helm/repos" due: reading the secret "helm/repos" from vault: no secret "helm/repos" not found in vault
Read credentials for http://chartmuseum.jenkins-x.io from vault helm/repos
Successfully added Helm repository chartmuseum.jenkins-x.io.
